\BOOKMARK [0][-]{chapter*.3}{\376\377\000\315\000n\000d\000i\000c\000e\000\040\000d\000e\000\040\000f\000i\000g\000u\000r\000a\000s}{}% 1
\BOOKMARK [0][-]{chapter*.4}{\376\377\000\315\000n\000d\000i\000c\000e\000\040\000d\000e\000\040\000t\000a\000b\000l\000a\000s}{}% 2
\BOOKMARK [0][-]{chapter.1}{\376\377\000I\000n\000t\000r\000o\000d\000u\000c\000c\000i\000\363\000n}{}% 3
\BOOKMARK [0][-]{chapter.2}{\376\377\000O\000b\000j\000e\000t\000i\000v\000o\000s}{}% 4
\BOOKMARK [0][-]{chapter.3}{\376\377\000A\000n\000t\000e\000c\000e\000d\000e\000n\000t\000e\000s}{}% 5
\BOOKMARK [0][-]{chapter.4}{\376\377\000P\000l\000a\000n\000i\000f\000i\000c\000a\000c\000i\000\363\000n\000\040\000t\000e\000m\000p\000o\000r\000a\000l}{}% 6
\BOOKMARK [0][-]{chapter.5}{\376\377\000M\000a\000r\000c\000o\000\040\000t\000e\000\363\000r\000i\000c\000o}{}% 7
\BOOKMARK [1][-]{section.5.1}{\376\377\000F\000u\000n\000d\000a\000m\000e\000n\000t\000o\000s\000\040\000d\000e\000l\000\040\000a\000n\000\341\000l\000i\000s\000i\000s\000\040\000d\000e\000\040\000s\000u\000p\000e\000r\000v\000i\000v\000e\000n\000c\000i\000a}{chapter.5}% 8
\BOOKMARK [1][-]{section.5.2}{\376\377\000T\000\351\000c\000n\000i\000c\000a\000s\000\040\000c\000l\000\341\000s\000i\000c\000a\000s\000\040\000d\000e\000\040\000a\000n\000\341\000l\000i\000s\000i\000s\000\040\000d\000e\000\040\000s\000u\000p\000e\000r\000v\000i\000v\000e\000n\000c\000i\000a}{chapter.5}% 9
\BOOKMARK [2][-]{subsection.5.2.1}{\376\377\000K\000a\000p\000l\000a\000n\000-\000M\000e\000i\000e\000r}{section.5.2}% 10
\BOOKMARK [2][-]{subsection.5.2.2}{\376\377\000R\000e\000g\000r\000e\000s\000i\000\363\000n\000\040\000d\000e\000\040\000C\000o\000x}{section.5.2}% 11
\BOOKMARK [2][-]{subsection.5.2.3}{\376\377\000T\000e\000s\000t\000\040\000d\000e\000\040\000L\000o\000g\000-\000R\000a\000n\000k}{section.5.2}% 12
\BOOKMARK [1][-]{section.5.3}{\376\377\000T\000\351\000c\000n\000i\000c\000a\000s\000\040\000i\000n\000c\000o\000r\000p\000o\000r\000a\000d\000a\000s\000\040\000e\000n\000\040\000l\000a\000\040\000a\000m\000p\000l\000i\000a\000c\000i\000\363\000n}{chapter.5}% 13
\BOOKMARK [2][-]{subsection.5.3.1}{\376\377\000M\000o\000d\000e\000l\000o\000\040\000e\000x\000p\000o\000n\000e\000n\000c\000i\000a\000l}{section.5.3}% 14
\BOOKMARK [2][-]{subsection.5.3.2}{\376\377\000M\000o\000d\000e\000l\000o\000\040\000d\000e\000\040\000W\000e\000i\000b\000u\000l\000l}{section.5.3}% 15
\BOOKMARK [2][-]{subsection.5.3.3}{\376\377\000R\000a\000n\000d\000o\000m\000\040\000S\000u\000r\000v\000i\000v\000a\000l\000\040\000F\000o\000r\000e\000s\000t}{section.5.3}% 16
\BOOKMARK [0][-]{chapter.6}{\376\377\000R\000e\000c\000u\000r\000s\000o\000s}{}% 17
\BOOKMARK [1][-]{section.6.1}{\376\377\000R\000e\000c\000u\000r\000s\000o\000s\000\040\000h\000u\000m\000a\000n\000o\000s}{chapter.6}% 18
\BOOKMARK [1][-]{section.6.2}{\376\377\000R\000e\000c\000u\000r\000s\000o\000s\000\040\000h\000a\000r\000d\000w\000a\000r\000e}{chapter.6}% 19
\BOOKMARK [1][-]{section.6.3}{\376\377\000R\000e\000c\000u\000r\000s\000o\000s\000\040\000s\000o\000f\000t\000w\000a\000r\000e}{chapter.6}% 20
\BOOKMARK [1][-]{section.6.4}{\376\377\000R\000e\000c\000u\000r\000s\000o\000s\000\040\000d\000e\000\040\000d\000a\000t\000o\000s}{chapter.6}% 21
\BOOKMARK [0][-]{chapter.7}{\376\377\000E\000s\000p\000e\000c\000i\000f\000i\000c\000a\000c\000i\000\363\000n\000\040\000d\000e\000\040\000r\000e\000q\000u\000i\000s\000i\000t\000o\000s}{}% 22
\BOOKMARK [1][-]{section.7.1}{\376\377\000R\000e\000q\000u\000i\000s\000i\000t\000o\000s\000\040\000f\000u\000n\000c\000i\000o\000n\000a\000l\000e\000s}{chapter.7}% 23
\BOOKMARK [1][-]{section.7.2}{\376\377\000R\000e\000q\000u\000i\000s\000i\000t\000o\000s\000\040\000n\000o\000\040\000f\000u\000n\000c\000i\000o\000n\000a\000l\000e\000s}{chapter.7}% 24
\BOOKMARK [1][-]{section.7.3}{\376\377\000R\000e\000q\000u\000i\000s\000i\000t\000o\000s\000\040\000d\000e\000\040\000i\000n\000f\000o\000r\000m\000a\000c\000i\000\363\000n}{chapter.7}% 25
\BOOKMARK [0][-]{chapter.8}{\376\377\000A\000n\000\341\000l\000i\000s\000i\000s\000\040\000d\000e\000l\000\040\000p\000r\000o\000b\000l\000e\000m\000a}{}% 26
\BOOKMARK [1][-]{section.8.1}{\376\377\000I\000d\000e\000n\000t\000i\000f\000i\000c\000a\000c\000i\000\363\000n\000\040\000d\000e\000\040\000a\000c\000t\000o\000r\000e\000s}{chapter.8}% 27
\BOOKMARK [1][-]{section.8.2}{\376\377\000I\000d\000e\000n\000t\000i\000f\000i\000c\000a\000c\000i\000\363\000n\000\040\000d\000e\000\040\000c\000a\000s\000o\000s\000\040\000d\000e\000\040\000u\000s\000o}{chapter.8}% 28
\BOOKMARK [1][-]{section.8.3}{\376\377\000V\000a\000r\000i\000a\000b\000l\000e\000s\000\040\000u\000t\000i\000l\000i\000z\000a\000d\000a\000s\000\040\000e\000n\000\040\000e\000l\000\040\000a\000n\000\341\000l\000i\000s\000i\000s}{chapter.8}% 29
\BOOKMARK [1][-]{section.8.4}{\376\377\000D\000i\000a\000g\000r\000a\000m\000a\000\040\000d\000e\000\040\000c\000a\000s\000o\000s\000\040\000d\000e\000\040\000u\000s\000o}{chapter.8}% 30
\BOOKMARK [1][-]{section.8.5}{\376\377\000E\000s\000p\000e\000c\000i\000f\000i\000c\000a\000c\000i\000\363\000n\000\040\000d\000e\000\040\000l\000o\000s\000\040\000c\000a\000s\000o\000s\000\040\000d\000e\000\040\000u\000s\000o}{chapter.8}% 31
\BOOKMARK [2][-]{subsection.8.5.1}{\376\377\000C\000U\000-\0001\000:\000\040\000E\000j\000e\000c\000u\000t\000a\000r\000M\000o\000d\000e\000l\000o\000E\000x\000p\000o\000n\000e\000n\000c\000i\000a\000l}{section.8.5}% 32
\BOOKMARK [2][-]{subsection.8.5.2}{\376\377\000C\000U\000-\0002\000:\000\040\000E\000j\000e\000c\000u\000t\000a\000r\000M\000o\000d\000e\000l\000o\000W\000e\000i\000b\000u\000l\000l}{section.8.5}% 33
\BOOKMARK [2][-]{subsection.8.5.3}{\376\377\000C\000U\000-\0003\000:\000\040\000E\000j\000e\000c\000u\000t\000a\000r\000R\000a\000n\000d\000o\000m\000S\000u\000r\000v\000i\000v\000a\000l\000F\000o\000r\000e\000s\000t}{section.8.5}% 34
\BOOKMARK [2][-]{subsection.8.5.4}{\376\377\000C\000U\000-\0004\000:\000\040\000C\000o\000n\000s\000u\000l\000t\000a\000r\000C\000o\000m\000p\000a\000r\000a\000c\000i\000o\000n\000D\000e\000T\000e\000c\000n\000i\000c\000a\000s}{section.8.5}% 35
\BOOKMARK [2][-]{subsection.8.5.5}{\376\377\000C\000U\000-\0005\000:\000\040\000E\000x\000p\000o\000r\000t\000a\000r\000I\000n\000f\000o\000r\000m\000e\000s\000Y\000R\000e\000s\000u\000l\000t\000a\000d\000o\000s}{section.8.5}% 36
\BOOKMARK [2][-]{subsection.8.5.6}{\376\377\000C\000U\000-\0006\000:\000\040\000C\000a\000m\000b\000i\000a\000r\000I\000d\000i\000o\000m\000a\000I\000n\000t\000e\000r\000f\000a\000z}{section.8.5}% 37
\BOOKMARK [2][-]{subsection.8.5.7}{\376\377\000C\000U\000-\0007\000:\000\040\000A\000n\000a\000l\000i\000z\000a\000r\000V\000a\000r\000i\000a\000b\000l\000e\000s\000N\000o\000B\000i\000n\000a\000r\000i\000a\000s}{section.8.5}% 38
\BOOKMARK [2][-]{subsection.8.5.8}{\376\377\000C\000U\000-\0008\000:\000\040\000M\000e\000j\000o\000r\000a\000r\000I\000n\000t\000e\000r\000p\000r\000e\000t\000a\000c\000i\000o\000n\000I\000A}{section.8.5}% 39
\BOOKMARK [2][-]{subsection.8.5.9}{\376\377\000C\000U\000-\0009\000:\000\040\000A\000m\000p\000l\000i\000a\000r\000V\000i\000s\000u\000a\000l\000i\000z\000a\000c\000i\000o\000n\000e\000s\000C\000o\000x\000T\000e\000s\000t\000L\000o\000g\000R\000a\000n\000k}{section.8.5}% 40
\BOOKMARK [1][-]{section.8.6}{\376\377\000M\000a\000t\000r\000i\000z\000\040\000d\000e\000\040\000t\000r\000a\000z\000a\000b\000i\000l\000i\000d\000a\000d}{chapter.8}% 41
\BOOKMARK [1][-]{section.8.7}{\376\377\000D\000i\000a\000g\000r\000a\000m\000a\000s\000\040\000d\000e\000\040\000a\000c\000t\000i\000v\000i\000d\000a\000d}{chapter.8}% 42
\BOOKMARK [2][-]{subsection.8.7.1}{\376\377\000C\000U\000-\0001\000:\000\040\000E\000j\000e\000c\000u\000t\000a\000r\000M\000o\000d\000e\000l\000o\000E\000x\000p\000o\000n\000e\000n\000c\000i\000a\000l}{section.8.7}% 43
\BOOKMARK [2][-]{subsection.8.7.2}{\376\377\000C\000U\000-\0002\000:\000\040\000E\000j\000e\000c\000u\000t\000a\000r\000M\000o\000d\000e\000l\000o\000W\000e\000i\000b\000u\000l\000l}{section.8.7}% 44
\BOOKMARK [2][-]{subsection.8.7.3}{\376\377\000C\000U\000-\0003\000:\000\040\000E\000j\000e\000c\000u\000t\000a\000r\000R\000a\000n\000d\000o\000m\000S\000u\000r\000v\000i\000v\000a\000l\000F\000o\000r\000e\000s\000t}{section.8.7}% 45
\BOOKMARK [2][-]{subsection.8.7.4}{\376\377\000C\000U\000-\0004\000:\000\040\000C\000o\000n\000s\000u\000l\000t\000a\000r\000C\000o\000m\000p\000a\000r\000a\000c\000i\000o\000n\000D\000e\000T\000e\000c\000n\000i\000c\000a\000s}{section.8.7}% 46
\BOOKMARK [2][-]{subsection.8.7.5}{\376\377\000C\000U\000-\0005\000:\000\040\000E\000x\000p\000o\000r\000t\000a\000r\000I\000n\000f\000o\000r\000m\000e\000s\000Y\000R\000e\000s\000u\000l\000t\000a\000d\000o\000s}{section.8.7}% 47
\BOOKMARK [2][-]{subsection.8.7.6}{\376\377\000C\000U\000-\0006\000:\000\040\000C\000a\000m\000b\000i\000a\000r\000I\000d\000i\000o\000m\000a\000I\000n\000t\000e\000r\000f\000a\000z}{section.8.7}% 48
\BOOKMARK [2][-]{subsection.8.7.7}{\376\377\000C\000U\000-\0007\000:\000\040\000A\000n\000a\000l\000i\000z\000a\000r\000V\000a\000r\000i\000a\000b\000l\000e\000s\000N\000o\000B\000i\000n\000a\000r\000i\000a\000s}{section.8.7}% 49
\BOOKMARK [2][-]{subsection.8.7.8}{\376\377\000C\000U\000-\0008\000:\000\040\000M\000e\000j\000o\000r\000a\000r\000I\000n\000t\000e\000r\000p\000r\000e\000t\000a\000c\000i\000o\000n\000I\000A}{section.8.7}% 50
\BOOKMARK [2][-]{subsection.8.7.9}{\376\377\000C\000U\000-\0009\000:\000\040\000A\000m\000p\000l\000i\000a\000r\000V\000i\000s\000u\000a\000l\000i\000z\000a\000c\000i\000o\000n\000e\000s\000C\000o\000x\000T\000e\000s\000t\000L\000o\000g\000R\000a\000n\000k}{section.8.7}% 51
\BOOKMARK [0][-]{chapter.9}{\376\377\000D\000i\000s\000e\000\361\000o\000\040\000d\000e\000l\000\040\000s\000i\000s\000t\000e\000m\000a}{}% 52
\BOOKMARK [1][-]{section.9.1}{\376\377\000A\000r\000q\000u\000i\000t\000e\000c\000t\000u\000r\000a\000\040\000d\000e\000l\000\040\000s\000i\000s\000t\000e\000m\000a}{chapter.9}% 53
\BOOKMARK [1][-]{section.9.2}{\376\377\000D\000i\000s\000e\000\361\000o\000\040\000d\000e\000\040\000l\000a\000\040\000i\000n\000t\000e\000r\000f\000a\000z}{chapter.9}% 54
\BOOKMARK [2][-]{subsection.9.2.1}{\376\377\000I\000n\000t\000e\000r\000f\000a\000z\000\040\000d\000e\000\040\000u\000s\000u\000a\000r\000i\000o\000\040\000\050\000U\000I\000\051}{section.9.2}% 55
\BOOKMARK [1][-]{section.9.3}{\376\377\000D\000i\000a\000g\000r\000a\000m\000a\000\040\000d\000e\000\040\000c\000l\000a\000s\000e\000s\000\040\000y\000\040\000c\000o\000m\000p\000o\000n\000e\000n\000t\000e\000s}{chapter.9}% 56
\BOOKMARK [1][-]{section.9.4}{\376\377\000D\000i\000a\000g\000r\000a\000m\000a\000s\000\040\000d\000e\000\040\000s\000e\000c\000u\000e\000n\000c\000i\000a}{chapter.9}% 57
\BOOKMARK [0][-]{chapter.10}{\376\377\000I\000m\000p\000l\000e\000m\000e\000n\000t\000a\000c\000i\000\363\000n}{}% 58
\BOOKMARK [1][-]{section.10.1}{\376\377\000T\000e\000c\000n\000o\000l\000o\000g\000\355\000a\000s\000\040\000y\000\040\000l\000i\000b\000r\000e\000r\000\355\000a\000s\000\040\000u\000t\000i\000l\000i\000z\000a\000d\000a\000s}{chapter.10}% 59
\BOOKMARK [1][-]{section.10.2}{\376\377\000E\000s\000t\000r\000u\000c\000t\000u\000r\000a\000\040\000d\000e\000l\000\040\000c\000\363\000d\000i\000g\000o\000\040\000f\000u\000e\000n\000t\000e}{chapter.10}% 60
\BOOKMARK [1][-]{section.10.3}{\376\377\000C\000a\000r\000g\000a\000\040\000y\000\040\000p\000r\000e\000p\000r\000o\000c\000e\000s\000a\000m\000i\000e\000n\000t\000o\000\040\000d\000e\000\040\000d\000a\000t\000o\000s}{chapter.10}% 61
\BOOKMARK [1][-]{section.10.4}{\376\377\000I\000m\000p\000l\000e\000m\000e\000n\000t\000a\000c\000i\000\363\000n\000\040\000d\000e\000\040\000l\000o\000s\000\040\000m\000o\000d\000e\000l\000o\000s}{chapter.10}% 62
\BOOKMARK [2][-]{subsection.10.4.1}{\376\377\000M\000o\000d\000e\000l\000o\000\040\000e\000x\000p\000o\000n\000e\000n\000c\000i\000a\000l}{section.10.4}% 63
\BOOKMARK [2][-]{subsection.10.4.2}{\376\377\000M\000o\000d\000e\000l\000o\000\040\000d\000e\000\040\000W\000e\000i\000b\000u\000l\000l}{section.10.4}% 64
\BOOKMARK [2][-]{subsection.10.4.3}{\376\377\000R\000a\000n\000d\000o\000m\000\040\000S\000u\000r\000v\000i\000v\000a\000l\000\040\000F\000o\000r\000e\000s\000t}{section.10.4}% 65
\BOOKMARK [2][-]{subsection.10.4.4}{\376\377\000R\000e\000g\000r\000e\000s\000i\000\363\000n\000\040\000d\000e\000\040\000C\000o\000x\000\040\000y\000\040\000T\000e\000s\000t\000\040\000d\000e\000\040\000L\000o\000g\000-\000R\000a\000n\000k}{section.10.4}% 66
\BOOKMARK [1][-]{section.10.5}{\376\377\000G\000e\000n\000e\000r\000a\000c\000i\000\363\000n\000\040\000d\000e\000\040\000g\000r\000\341\000f\000i\000c\000a\000s}{chapter.10}% 67
\BOOKMARK [1][-]{section.10.6}{\376\377\000I\000n\000t\000e\000g\000r\000a\000c\000i\000\363\000n\000\040\000c\000o\000n\000\040\000c\000a\000l\000l\000b\000a\000c\000k\000s}{chapter.10}% 68
\BOOKMARK [1][-]{section.10.7}{\376\377\000I\000n\000t\000e\000r\000p\000r\000e\000t\000a\000c\000i\000\363\000n\000\040\000m\000e\000d\000i\000a\000n\000t\000e\000\040\000i\000n\000t\000e\000l\000i\000g\000e\000n\000c\000i\000a\000\040\000a\000r\000t\000i\000f\000i\000c\000i\000a\000l}{chapter.10}% 69
\BOOKMARK [1][-]{section.10.8}{\376\377\000E\000x\000p\000o\000r\000t\000a\000c\000i\000\363\000n\000\040\000d\000e\000\040\000i\000n\000f\000o\000r\000m\000e\000s}{chapter.10}% 70
\BOOKMARK [1][-]{section.10.9}{\376\377\000I\000n\000t\000e\000r\000n\000a\000c\000i\000o\000n\000a\000l\000i\000z\000a\000c\000i\000\363\000n\000\040\000d\000e\000l\000\040\000D\000a\000s\000h}{chapter.10}% 71
\BOOKMARK [1][-]{section.10.10}{\376\377\000A\000s\000p\000e\000c\000t\000o\000s\000\040\000d\000e\000s\000t\000a\000c\000a\000b\000l\000e\000s\000\040\000d\000e\000\040\000l\000a\000\040\000i\000m\000p\000l\000e\000m\000e\000n\000t\000a\000c\000i\000\363\000n}{chapter.10}% 72
\BOOKMARK [0][-]{chapter.11}{\376\377\000P\000r\000u\000e\000b\000a\000s}{}% 73
\BOOKMARK [1][-]{section.11.1}{\376\377\000C\000U\000-\0001\000:\000\040\000E\000j\000e\000c\000u\000t\000a\000r\000M\000o\000d\000e\000l\000o\000E\000x\000p\000o\000n\000e\000n\000c\000i\000a\000l}{chapter.11}% 74
\BOOKMARK [1][-]{section.11.2}{\376\377\000C\000U\000-\0002\000:\000\040\000E\000j\000e\000c\000u\000t\000a\000r\000M\000o\000d\000e\000l\000o\000W\000e\000i\000b\000u\000l\000l}{chapter.11}% 75
\BOOKMARK [1][-]{section.11.3}{\376\377\000C\000U\000-\0003\000:\000\040\000E\000j\000e\000c\000u\000t\000a\000r\000R\000a\000n\000d\000o\000m\000S\000u\000r\000v\000i\000v\000a\000l\000F\000o\000r\000e\000s\000t}{chapter.11}% 76
\BOOKMARK [1][-]{section.11.4}{\376\377\000C\000U\000-\0004\000:\000\040\000C\000o\000n\000s\000u\000l\000t\000a\000r\000C\000o\000m\000p\000a\000r\000a\000c\000i\000o\000n\000D\000e\000T\000e\000c\000n\000i\000c\000a\000s}{chapter.11}% 77
\BOOKMARK [1][-]{section.11.5}{\376\377\000C\000U\000-\0005\000:\000\040\000E\000x\000p\000o\000r\000t\000a\000r\000I\000n\000f\000o\000r\000m\000e\000s\000Y\000R\000e\000s\000u\000l\000t\000a\000d\000o\000s}{chapter.11}% 78
\BOOKMARK [1][-]{section.11.6}{\376\377\000C\000U\000-\0006\000:\000\040\000C\000a\000m\000b\000i\000a\000r\000I\000d\000i\000o\000m\000a\000I\000n\000t\000e\000r\000f\000a\000z}{chapter.11}% 79
\BOOKMARK [1][-]{section.11.7}{\376\377\000C\000U\000-\0007\000:\000\040\000A\000n\000a\000l\000i\000z\000a\000r\000V\000a\000r\000i\000a\000b\000l\000e\000s\000N\000o\000B\000i\000n\000a\000r\000i\000a\000s}{chapter.11}% 80
\BOOKMARK [1][-]{section.11.8}{\376\377\000C\000U\000-\0008\000:\000\040\000M\000e\000j\000o\000r\000a\000r\000I\000n\000t\000e\000r\000p\000r\000e\000t\000a\000c\000i\000o\000n\000I\000A}{chapter.11}% 81
\BOOKMARK [1][-]{section.11.9}{\376\377\000C\000U\000-\0009\000:\000\040\000A\000m\000p\000l\000i\000a\000r\000V\000i\000s\000u\000a\000l\000i\000z\000a\000c\000i\000o\000n\000e\000s\000C\000o\000x\000T\000e\000s\000t\000L\000o\000g\000R\000a\000n\000k}{chapter.11}% 82
\BOOKMARK [0][-]{chapter.12}{\376\377\000D\000i\000s\000c\000u\000s\000i\000\363\000n\000\040\000y\000\040\000c\000o\000n\000c\000l\000u\000s\000i\000o\000n\000e\000s\000\040\000f\000i\000n\000a\000l\000e\000s}{}% 83
\BOOKMARK [1][-]{section.12.1}{\376\377\000A\000n\000\341\000l\000i\000s\000i\000s\000\040\000d\000e\000\040\000l\000o\000s\000\040\000o\000b\000j\000e\000t\000i\000v\000o\000s\000\040\000i\000n\000i\000c\000i\000a\000l\000e\000s}{chapter.12}% 84
\BOOKMARK [1][-]{section.12.2}{\376\377\000P\000r\000o\000b\000l\000e\000m\000a\000s\000\040\000e\000n\000c\000o\000n\000t\000r\000a\000d\000o\000s\000\040\000e\000n\000\040\000e\000l\000\040\000d\000e\000s\000a\000r\000r\000o\000l\000l\000o}{chapter.12}% 85
\BOOKMARK [1][-]{section.12.3}{\376\377\000C\000o\000n\000c\000l\000u\000s\000i\000o\000n\000e\000s\000\040\000y\000\040\000p\000o\000s\000i\000b\000l\000e\000s\000\040\000m\000e\000j\000o\000r\000a\000s}{chapter.12}% 86
\BOOKMARK [0][-]{chapter*.76}{\376\377\000B\000i\000b\000l\000i\000o\000g\000r\000a\000f\000\355\000a}{}% 87
\BOOKMARK [0][-]{appendix.Alph1}{\376\377\000A\000n\000e\000x\000o\000\040\000d\000e\000l\000\040\000M\000a\000n\000u\000a\000l\000\040\000d\000e\000\040\000U\000s\000u\000a\000r\000i\000o}{}% 88
\BOOKMARK [0][-]{appendix.Alph2}{\376\377\000A\000n\000e\000x\000o\000\040\000d\000e\000l\000\040\000M\000a\000n\000u\000a\000l\000\040\000d\000e\000\040\000c\000\363\000d\000i\000g\000o\000\040\000f\000u\000e\000n\000t\000e}{}% 89
\BOOKMARK [1][-]{section.Alph2.1}{\376\377\000I\000n\000t\000r\000o\000d\000u\000c\000c\000i\000\363\000n}{appendix.Alph2}% 90
